d:\e盘\gps_ins组合导航1.1(serial)\组合导航\debug\vc120.pdb
d:\e盘\gps_ins组合导航1.1(serial)\组合导航\debug\vc120.idb
d:\e盘\gps_ins组合导航1.1(serial)\组合导航\debug\sins.obj
d:\e盘\gps_ins组合导航1.1(serial)\组合导航\debug\datastream.obj
d:\e盘\gps_ins组合导航1.1(serial)\组合导航\debug\imuprocess.obj
d:\e盘\gps_ins组合导航1.1(serial)\组合导航\debug\loosely_coupled_ins_gnss.obj
d:\e盘\gps_ins组合导航1.1(serial)\组合导航\debug\main.obj
d:\e盘\gps_ins组合导航1.1(serial)\组合导航\debug\matrix.obj
d:\e盘\gps_ins组合导航1.1(serial)\组合导航\debug\nmea.obj
d:\e盘\gps_ins组合导航1.1(serial)\组合导航\debug\queue.obj
d:\e盘\gps_ins组合导航1.1(serial)\组合导航\debug\rawdecode.obj
d:\e盘\gps_ins组合导航1.1(serial)\组合导航\debug\util.obj
d:\e盘\gps_ins组合导航1.1(serial)\debug\组合导航.ilk
d:\e盘\gps_ins组合导航1.1(serial)\debug\组合导航.exe
d:\e盘\gps_ins组合导航1.1(serial)\debug\组合导航.pdb
d:\gnss_sins\gps_ins组合导航1.1(serial)\组合导航\debug\datastream.obj
d:\gnss_sins\gps_ins组合导航1.1(serial)\组合导航\debug\imuprocess.obj
d:\gnss_sins\gps_ins组合导航1.1(serial)\组合导航\debug\loosely_coupled_ins_gnss.obj
d:\gnss_sins\gps_ins组合导航1.1(serial)\组合导航\debug\main.obj
d:\gnss_sins\gps_ins组合导航1.1(serial)\组合导航\debug\matrix.obj
d:\gnss_sins\gps_ins组合导航1.1(serial)\组合导航\debug\nmea.obj
d:\gnss_sins\gps_ins组合导航1.1(serial)\组合导航\debug\queue.obj
d:\gnss_sins\gps_ins组合导航1.1(serial)\组合导航\debug\rawdecode.obj
d:\gnss_sins\gps_ins组合导航1.1(serial)\组合导航\debug\sins.obj
d:\gnss_sins\gps_ins组合导航1.1(serial)\组合导航\debug\util.obj
d:\gnss_sins\gps_ins组合导航1.1(serial)\组合导航\debug\vc120.idb
d:\gnss_sins\gps_ins组合导航1.1(serial)\组合导航\debug\vc120.pdb
d:\gnss_sins\gps_ins组合导航1.1(serial)\debug\组合导航.pdb
d:\gnss_sins\gps_ins组合导航1.1(serial)\debug\组合导航.exe
d:\gnss_sins\gps_ins组合导航1.1(serial)\debug\组合导航.ilk
d:\gnss_sins\gps_ins组合导航1.1(serial)\组合导航\debug\组合导航.tlog\cl.command.1.tlog
d:\gnss_sins\gps_ins组合导航1.1(serial)\组合导航\debug\组合导航.tlog\cl.read.1.tlog
d:\gnss_sins\gps_ins组合导航1.1(serial)\组合导航\debug\组合导航.tlog\cl.write.1.tlog
d:\gnss_sins\gps_ins组合导航1.1(serial)\组合导航\debug\组合导航.tlog\link.command.1.tlog
d:\gnss_sins\gps_ins组合导航1.1(serial)\组合导航\debug\组合导航.tlog\link.read.1.tlog
d:\gnss_sins\gps_ins组合导航1.1(serial)\组合导航\debug\组合导航.tlog\link.write.1.tlog
